<?xml version="1.0" encoding="UTF-8"?>
<!-- Generated by org.testng.reporters.JUnitReportReporter -->
<testsuite hostname="DESKTOP-NQ6N3C2" failures="0" tests="2" name="qaclickacademy.SeleniumTest" time="0.007" errors="0" timestamp="2023-01-27T01:55:32 CST" skipped="0">
  <testcase classname="qaclickacademy.SeleniumTest" name="elementsUi" time="0.001"/>
  <system-out/>
  <testcase classname="qaclickacademy.SeleniumTest" name="BrowserAUtomation" time="0.006"/>
  <system-out/>
</testsuite> <!-- qaclickacademy.SeleniumTest -->
