<?xml version="1.0" encoding="UTF-8"?>
<!-- Generated by org.testng.reporters.JUnitReportReporter -->
<testsuite hostname="DESKTOP-NQ6N3C2" failures="0" tests="2" name="qaclickacademy.RESTAPITest" time="0.001" errors="0" timestamp="2023-01-27T01:55:32 CST" skipped="0">
  <testcase classname="qaclickacademy.RESTAPITest" name="postJira" time="0.000"/>
  <system-out/>
  <testcase classname="qaclickacademy.RESTAPITest" name="deleteTwitter" time="0.001"/>
  <system-out/>
</testsuite> <!-- qaclickacademy.RESTAPITest -->
